<?xml version="1.0" encoding="UTF-8"?>
<testsuite xmlns:xsi="http://www.w3.org/2001/XMLSchema-instance" xsi:noNamespaceSchemaLocation="https://maven.apache.org/surefire/maven-surefire-plugin/xsd/surefire-test-report.xsd" version="3.0.2" name="com.bibliotecaLagos.gateway.GatewayApplicationTests" time="2.514" tests="1" errors="0" skipped="0" failures="0" flakes="0">
  <properties>
[...]
</properties>
  <testcase name="contextLoads" classname="com.bibliotecaLagos.gateway.GatewayApplicationTests" time="0.585">
    <system-out><![CDATA[23:42:26.531 [main] INFO org.springframework.test.context.support.AnnotationConfigContextLoaderUtils -- Could not detect default configuration classes for test class [com.bibliotecaLagos.gateway.GatewayApplicationTests]: GatewayApplicationTests does not declare any static, non-private, non-final, nested classes annotated with @Configuration.
23:42:26.631 [main] INFO org.springframework.boot.test.context.SpringBootTestContextBootstrapper -- Found @SpringBootConfiguration com.bibliotecaLagos.gateway.GatewayApplication for test class com.bibliotecaLagos.gateway.GatewayApplicationTests
23:42:26.712 [main] INFO org.springframework.test.context.support.AnnotationConfigContextLoaderUtils -- Could not detect default configuration classes for test class [com.bibliotecaLagos.gateway.GatewayApplicationTests]: GatewayApplicationTests does not declare any static, non-private, non-final, nested classes annotated with @Configuration.
23:42:26.714 [main] INFO org.springframework.boot.test.context.SpringBootTestContextBootstrapper -- Found @SpringBootConfiguration com.bibliotecaLagos.gateway.GatewayApplication for test class com.bibliotecaLagos.gateway.GatewayApplicationTests

  .   ____          _            __ _ _
 /\\ / ___'_ __ _ _(_)_ __  __ _ \ \ \ \
( ( )\___ | '_ | '_| | '_ \/ _` | \ \ \ \
 \\/  ___)| |_)| | | | | || (_| |  ) ) ) )
  '  |____| .__|_| |_|_| |_\__, | / / / /
 =========|_|==============|___/=/_/_/_/

 :: Spring Boot ::                (v4.0.6)

2026-06-20T23:42:27.067-04:00  INFO 26244 --- [api-gateway] [           main] c.b.gateway.GatewayApplicationTests      : Starting GatewayApplicationTests using Java 21.0.11 with PID 26244 (started by vayal in C:\Users\vayal\OneDrive\Documentos\GitHub\Biblioteca_Lagos_\gateway)
2026-06-20T23:42:27.072-04:00  INFO 26244 --- [api-gateway] [           main] c.b.gateway.GatewayApplicationTests      : No active profile set, falling back to 1 default profile: "default"
2026-06-20T23:42:28.151-04:00  INFO 26244 --- [api-gateway] [           main] c.b.gateway.GatewayApplicationTests      : Started GatewayApplicationTests in 1.383 seconds (process running for 2.585)
]]></system-out>
    <system-err><![CDATA[Mockito is currently self-attaching to enable the inline-mock-maker. This will no longer work in future releases of the JDK. Please add Mockito as an agent to your build as described in Mockito's documentation: https://javadoc.io/doc/org.mockito/mockito-core/latest/org.mockito/org/mockito/Mockito.html#0.3
WARNING: A Java agent has been loaded dynamically (C:\Users\vayal\.m2\repository\net\bytebuddy\byte-buddy-agent\1.17.8\byte-buddy-agent-1.17.8.jar)
WARNING: If a serviceability tool is in use, please run with -XX:+EnableDynamicAgentLoading to hide this warning
WARNING: If a serviceability tool is not in use, please run with -Djdk.instrument.traceUsage for more information
WARNING: Dynamic loading of agents will be disallowed by default in a future release
]]></system-err>
  </testcase>
</testsuite>